<?xml version="1.0" encoding="utf-8"?><testsuites name="pytest tests"><testsuite name="pytest" errors="0" failures="0" skipped="0" tests="16" time="10.465" timestamp="2026-04-22T19:12:19.206543+00:00" hostname="agent-env-0713c061-f14f-496f-9eb1-d0a7c4428152"><testcase classname="backend.tests.test_email_verification_and_reset.TestEmailVerification" name="test_register_creates_unverified_user_and_token" time="0.803" /><testcase classname="backend.tests.test_email_verification_and_reset.TestEmailVerification" name="test_verify_email_with_valid_token_marks_user_verified" time="0.667" /><testcase classname="backend.tests.test_email_verification_and_reset.TestEmailVerification" name="test_verify_email_with_bogus_token_returns_400" time="0.118" /><testcase classname="backend.tests.test_email_verification_and_reset.TestEmailVerification" name="test_resend_verification_unauthed_401" time="0.112" /><testcase classname="backend.tests.test_email_verification_and_reset.TestEmailVerification" name="test_resend_verification_unverified_user" time="0.798" /><testcase classname="backend.tests.test_email_verification_and_reset.TestEmailVerification" name="test_resend_verification_for_verified_user_returns_already_verified" time="0.801" /><testcase classname="backend.tests.test_email_verification_and_reset.TestPasswordReset" name="test_forgot_password_unknown_email_returns_ok" time="0.115" /><testcase classname="backend.tests.test_email_verification_and_reset.TestPasswordReset" name="test_forgot_password_known_email_creates_token" time="0.817" /><testcase classname="backend.tests.test_email_verification_and_reset.TestPasswordReset" name="test_reset_password_with_valid_token_changes_password" time="1.894" /><testcase classname="backend.tests.test_email_verification_and_reset.TestPasswordReset" name="test_reset_password_reuse_returns_400" time="1.356" /><testcase classname="backend.tests.test_email_verification_and_reset.TestPasswordReset" name="test_reset_password_invalid_token_returns_400" time="0.105" /><testcase classname="backend.tests.test_email_verification_and_reset.TestPasswordReset" name="test_reset_password_expired_token_returns_400" time="0.645" /><testcase classname="backend.tests.test_email_verification_and_reset.TestTTLIndexes" name="test_login_attempts_ttl_index" time="0.001" /><testcase classname="backend.tests.test_email_verification_and_reset.TestTTLIndexes" name="test_email_verification_tokens_ttl_index" time="0.000" /><testcase classname="backend.tests.test_email_verification_and_reset.TestTTLIndexes" name="test_password_reset_tokens_ttl_index" time="0.000" /><testcase classname="backend.tests.test_email_verification_and_reset.TestLockoutRegression" name="test_brute_force_lockout_after_5_with_native_datetime" time="2.070" /></testsuite></testsuites>