<?xml version="1.0" encoding="utf-8"?><testsuites name="pytest tests"><testsuite name="pytest" errors="0" failures="1" skipped="0" tests="23" time="9.485" timestamp="2026-04-22T18:07:44.085272+00:00" hostname="agent-env-0713c061-f14f-496f-9eb1-d0a7c4428152"><testcase classname="backend.tests.test_droplet_manager_v2.TestAuth" name="test_register_success_and_cookies" time="0.427" /><testcase classname="backend.tests.test_droplet_manager_v2.TestAuth" name="test_register_duplicate_email" time="0.453" /><testcase classname="backend.tests.test_droplet_manager_v2.TestAuth" name="test_register_short_password" time="0.114" /><testcase classname="backend.tests.test_droplet_manager_v2.TestAuth" name="test_login_admin_success" time="0.346" /><testcase classname="backend.tests.test_droplet_manager_v2.TestAuth" name="test_login_wrong_password" time="0.662" /><testcase classname="backend.tests.test_droplet_manager_v2.TestAuth" name="test_me_without_cookies" time="0.124" /><testcase classname="backend.tests.test_droplet_manager_v2.TestAuth" name="test_me_with_cookies" time="0.414" /><testcase classname="backend.tests.test_droplet_manager_v2.TestAuth" name="test_refresh_with_valid_cookie" time="0.481" /><testcase classname="backend.tests.test_droplet_manager_v2.TestAuth" name="test_logout_clears_cookies" time="0.549" /><testcase classname="backend.tests.test_droplet_manager_v2.TestAuth" name="test_session_with_bogus_id" time="0.274" /><testcase classname="backend.tests.test_droplet_manager_v2.TestLockout" name="test_brute_force_lockout" time="2.052"><failure message="AssertionError: Expected 429, got 401: {&quot;detail&quot;:&quot;Invalid email or password&quot;}&#10;assert 401 == 429&#10; +  where 401 = &lt;Response [401]&gt;.status_code">E   AssertionError: Expected 429, got 401: {"detail":"Invalid email or password"}
    assert 401 == 429
     +  where 401 = &lt;Response [401]&gt;.status_code</failure></testcase><testcase classname="backend.tests.test_droplet_manager_v2.TestDoTokens" name="test_list_tokens_unauthenticated" time="0.169" /><testcase classname="backend.tests.test_droplet_manager_v2.TestDoTokens" name="test_list_tokens_fresh_user_empty" time="0.373" /><testcase classname="backend.tests.test_droplet_manager_v2.TestDoTokens" name="test_add_invalid_do_token" time="0.520" /><testcase classname="backend.tests.test_droplet_manager_v2.TestDoProxy" name="test_droplets_unauthenticated" time="0.105" /><testcase classname="backend.tests.test_droplet_manager_v2.TestDoProxy" name="test_droplets_missing_token_id" time="0.397" /><testcase classname="backend.tests.test_droplet_manager_v2.TestDoProxy" name="test_droplets_nonexistent_token" time="0.383" /><testcase classname="backend.tests.test_droplet_manager_v2.TestDoProxy" name="test_droplet_action_nonexistent_token" time="0.404" /><testcase classname="backend.tests.test_droplet_manager_v2.TestWindowsScript" name="test_windows_versions_public" time="0.102" /><testcase classname="backend.tests.test_droplet_manager_v2.TestWindowsScript" name="test_windows_script_unauthenticated" time="0.111" /><testcase classname="backend.tests.test_droplet_manager_v2.TestWindowsScript" name="test_windows_script_authenticated" time="0.396" /><testcase classname="backend.tests.test_droplet_manager_v2.TestWizard" name="test_wizard_unauthenticated" time="0.115" /><testcase classname="backend.tests.test_droplet_manager_v2.TestWizard" name="test_wizard_nonexistent_token" time="0.402" /></testsuite></testsuites>