<?xml version="1.0" encoding="utf-8"?><testsuites name="pytest tests"><testsuite name="pytest" errors="0" failures="0" skipped="0" tests="22" time="2.711" timestamp="2026-04-22T17:13:03.798716+00:00" hostname="agent-env-0713c061-f14f-496f-9eb1-d0a7c4428152"><testcase classname="backend.tests.test_droplet_manager.TestRoot" name="test_root_status" time="0.238" /><testcase classname="backend.tests.test_droplet_manager.TestWindowsVersions" name="test_windows_versions_list" time="0.062" /><testcase classname="backend.tests.test_droplet_manager.TestWindowsScript" name="test_valid_win11pro" time="0.061" /><testcase classname="backend.tests.test_droplet_manager.TestWindowsScript" name="test_invalid_version" time="0.057" /><testcase classname="backend.tests.test_droplet_manager.TestWindowsScript" name="test_short_password" time="0.058" /><testcase classname="backend.tests.test_droplet_manager.TestWindowsScript" name="test_rdp_port_too_high" time="0.071" /><testcase classname="backend.tests.test_droplet_manager.TestWindowsScript" name="test_rdp_port_zero" time="0.051" /><testcase classname="backend.tests.test_droplet_manager.TestWindowsScript" name="test_win10ltsc_dd_mode" time="0.060" /><testcase classname="backend.tests.test_droplet_manager.TestTokenRequired" name="test_get_missing_token[/do/account]" time="0.163" /><testcase classname="backend.tests.test_droplet_manager.TestTokenRequired" name="test_get_missing_token[/do/droplets]" time="0.119" /><testcase classname="backend.tests.test_droplet_manager.TestTokenRequired" name="test_get_missing_token[/do/droplets/123]" time="0.108" /><testcase classname="backend.tests.test_droplet_manager.TestTokenRequired" name="test_get_missing_token[/do/regions]" time="0.157" /><testcase classname="backend.tests.test_droplet_manager.TestTokenRequired" name="test_get_missing_token[/do/sizes]" time="0.119" /><testcase classname="backend.tests.test_droplet_manager.TestTokenRequired" name="test_get_missing_token[/do/images]" time="0.116" /><testcase classname="backend.tests.test_droplet_manager.TestTokenRequired" name="test_get_missing_token[/do/ssh_keys]" time="0.120" /><testcase classname="backend.tests.test_droplet_manager.TestTokenRequired" name="test_get_missing_token[/do/droplets/123/snapshots]" time="0.109" /><testcase classname="backend.tests.test_droplet_manager.TestTokenRequired" name="test_post_create_droplet_missing_token" time="0.150" /><testcase classname="backend.tests.test_droplet_manager.TestTokenRequired" name="test_post_droplet_action_missing_token" time="0.122" /><testcase classname="backend.tests.test_droplet_manager.TestTokenRequired" name="test_delete_droplet_missing_token" time="0.120" /><testcase classname="backend.tests.test_droplet_manager.TestActionValidation" name="test_invalid_action_type" time="0.107" /><testcase classname="backend.tests.test_droplet_manager.TestActionValidation" name="test_rebuild_missing_image" time="0.106" /><testcase classname="backend.tests.test_droplet_manager.TestDOForwardedAuth" name="test_account_with_invalid_token" time="0.267" /></testsuite></testsuites>