<?xml version="1.0" encoding="utf-8"?><testsuites name="pytest tests"><testsuite name="pytest" errors="0" failures="0" skipped="0" tests="23" time="12.597" timestamp="2026-04-22T19:09:47.291354+00:00" hostname="agent-env-0713c061-f14f-496f-9eb1-d0a7c4428152"><testcase classname="backend.tests.test_droplet_manager_v2.TestAuth" name="test_register_success_and_cookies" time="0.687" /><testcase classname="backend.tests.test_droplet_manager_v2.TestAuth" name="test_register_duplicate_email" time="0.808" /><testcase classname="backend.tests.test_droplet_manager_v2.TestAuth" name="test_register_short_password" time="0.118" /><testcase classname="backend.tests.test_droplet_manager_v2.TestAuth" name="test_login_admin_success" time="0.372" /><testcase classname="backend.tests.test_droplet_manager_v2.TestAuth" name="test_login_wrong_password" time="0.997" /><testcase classname="backend.tests.test_droplet_manager_v2.TestAuth" name="test_me_without_cookies" time="0.163" /><testcase classname="backend.tests.test_droplet_manager_v2.TestAuth" name="test_me_with_cookies" time="0.592" /><testcase classname="backend.tests.test_droplet_manager_v2.TestAuth" name="test_refresh_with_valid_cookie" time="0.640" /><testcase classname="backend.tests.test_droplet_manager_v2.TestAuth" name="test_logout_clears_cookies" time="0.667" /><testcase classname="backend.tests.test_droplet_manager_v2.TestAuth" name="test_session_with_bogus_id" time="0.241" /><testcase classname="backend.tests.test_droplet_manager_v2.TestLockout" name="test_brute_force_lockout" time="2.078" /><testcase classname="backend.tests.test_droplet_manager_v2.TestDoTokens" name="test_list_tokens_unauthenticated" time="0.116" /><testcase classname="backend.tests.test_droplet_manager_v2.TestDoTokens" name="test_list_tokens_fresh_user_empty" time="0.556" /><testcase classname="backend.tests.test_droplet_manager_v2.TestDoTokens" name="test_add_invalid_do_token" time="0.743" /><testcase classname="backend.tests.test_droplet_manager_v2.TestDoProxy" name="test_droplets_unauthenticated" time="0.117" /><testcase classname="backend.tests.test_droplet_manager_v2.TestDoProxy" name="test_droplets_missing_token_id" time="0.609" /><testcase classname="backend.tests.test_droplet_manager_v2.TestDoProxy" name="test_droplets_nonexistent_token" time="0.564" /><testcase classname="backend.tests.test_droplet_manager_v2.TestDoProxy" name="test_droplet_action_nonexistent_token" time="0.698" /><testcase classname="backend.tests.test_droplet_manager_v2.TestWindowsScript" name="test_windows_versions_public" time="0.118" /><testcase classname="backend.tests.test_droplet_manager_v2.TestWindowsScript" name="test_windows_script_unauthenticated" time="0.135" /><testcase classname="backend.tests.test_droplet_manager_v2.TestWindowsScript" name="test_windows_script_authenticated" time="0.593" /><testcase classname="backend.tests.test_droplet_manager_v2.TestWizard" name="test_wizard_unauthenticated" time="0.112" /><testcase classname="backend.tests.test_droplet_manager_v2.TestWizard" name="test_wizard_nonexistent_token" time="0.783" /></testsuite></testsuites>